<?xml version="1.0" encoding="UTF-8"?>
<!-- Generated by org.testng.reporters.JUnitReportReporter -->
<testsuite hostname="DESKTOP-CGV43OK" failures="0" tests="6" name="Maven_TestNG.Maven_Package.FunctionalTest" time="4.057" errors="0" timestamp="2024-03-30T23:30:11 CST" skipped="0">
  <testcase classname="Maven_TestNG.Maven_Package.FunctionalTest" name="TC002" time="0.818"/>
  <system-out/>
  <testcase classname="Maven_TestNG.Maven_Package.FunctionalTest" name="TC001" time="0.620"/>
  <system-out/>
  <testcase classname="Maven_TestNG.Maven_Package.FunctionalTest" name="TC003" time="0.559"/>
  <system-out/>
  <testcase classname="Maven_TestNG.Maven_Package.FunctionalTest" name="TC004" time="0.599"/>
  <system-out/>
  <testcase classname="Maven_TestNG.Maven_Package.FunctionalTest" name="TC005" time="0.544"/>
  <system-out/>
  <testcase classname="Maven_TestNG.Maven_Package.FunctionalTest" name="TC006" time="0.917"/>
  <system-out/>
</testsuite> <!-- Maven_TestNG.Maven_Package.FunctionalTest -->
