<?xml version="1.0" encoding="UTF-8"?>
<!-- Generated by org.testng.reporters.JUnitReportReporter -->
<testsuite hostname="DESKTOP-CGV43OK" failures="0" tests="6" name="Maven_TestNG.Maven_Package.RegressionTest" time="3.359" errors="0" timestamp="2024-04-08T23:39:37 CST" skipped="0">
  <testcase classname="Maven_TestNG.Maven_Package.RegressionTest" name="TC001" time="0.734"/>
  <system-out/>
  <testcase classname="Maven_TestNG.Maven_Package.RegressionTest" name="TC002" time="0.561"/>
  <system-out/>
  <testcase classname="Maven_TestNG.Maven_Package.RegressionTest" name="TC003" time="0.499"/>
  <system-out/>
  <testcase classname="Maven_TestNG.Maven_Package.RegressionTest" name="TC004" time="0.503"/>
  <system-out/>
  <testcase classname="Maven_TestNG.Maven_Package.RegressionTest" name="TC005" time="0.571"/>
  <system-out/>
  <testcase classname="Maven_TestNG.Maven_Package.RegressionTest" name="TC006" time="0.491"/>
  <system-out/>
</testsuite> <!-- Maven_TestNG.Maven_Package.RegressionTest -->
