<?xml version="1.0" encoding="UTF-8"?>
<!-- Generated by org.testng.reporters.JUnitReportReporter -->
<testsuite hostname="DESKTOP-CGV43OK" failures="0" tests="1" name="Maven_TestNG.Maven_Package.TestData" time="1.135" errors="0" timestamp="2024-03-31T01:20:37 CST" skipped="0">
  <testcase classname="Maven_TestNG.Maven_Package.TestData" name="getData" time="1.135"/>
  <system-out/>
</testsuite> <!-- Maven_TestNG.Maven_Package.TestData -->
