<?xml version="1.0" encoding="UTF-8"?>
<!-- Generated by org.testng.reporters.JUnitReportReporter -->
<testsuite hostname="DESKTOP-CGV43OK" failures="0" tests="6" name="Maven_TestNG.Maven_Package.Regression" time="3.398" errors="0" timestamp="2024-03-30T23:31:25 CST" skipped="0">
  <testcase classname="Maven_TestNG.Maven_Package.Regression" name="TC001" time="0.732"/>
  <system-out/>
  <testcase classname="Maven_TestNG.Maven_Package.Regression" name="TC002" time="0.555"/>
  <system-out/>
  <testcase classname="Maven_TestNG.Maven_Package.Regression" name="TC003" time="0.539"/>
  <system-out/>
  <testcase classname="Maven_TestNG.Maven_Package.Regression" name="TC004" time="0.525"/>
  <system-out/>
  <testcase classname="Maven_TestNG.Maven_Package.Regression" name="TC005" time="0.519"/>
  <system-out/>
  <testcase classname="Maven_TestNG.Maven_Package.Regression" name="TC006" time="0.528"/>
  <system-out/>
</testsuite> <!-- Maven_TestNG.Maven_Package.Regression -->
