<?xml version="1.0" encoding="UTF-8"?>
<!-- Generated by org.testng.reporters.JUnitReportReporter -->
<testsuite hostname="DESKTOP-CGV43OK" failures="0" tests="1" name="Maven_TestNG.Maven_Package.Functional" time="0.011" errors="0" timestamp="2024-03-28T23:38:52 CST" skipped="0">
  <testcase classname="Maven_TestNG.Maven_Package.Functional" name="f" time="0.011"/>
  <system-out/>
</testsuite> <!-- Maven_TestNG.Maven_Package.Functional -->
