<?xml version="1.0" encoding="UTF-8"?>
<!-- Generated by org.testng.reporters.JUnitReportReporter -->
<testsuite hostname="DESKTOP-CGV43OK" failures="0" tests="2" name="Maven_TestNG.Maven_Package.RegressionTest" time="1.403" errors="0" timestamp="2024-03-31T00:06:14 CST" skipped="0">
  <testcase classname="Maven_TestNG.Maven_Package.RegressionTest" name="TC001" time="0.844"/>
  <system-out/>
  <testcase classname="Maven_TestNG.Maven_Package.RegressionTest" name="TC001" time="0.559"/>
  <system-out/>
</testsuite> <!-- Maven_TestNG.Maven_Package.RegressionTest -->
